0 info it worked if it ends with ok
1 verbose cli [ 'node',
1 verbose cli   '/usr/local/bin/npm',
1 verbose cli   'install',
1 verbose cli   'child_process',
1 verbose cli   '--save-dev' ]
2 info using npm@2.11.3
3 info using node@v0.12.7
4 verbose install initial load of /Users/Tony_Zhang/Desktop/Center2.0/package.json
5 warn package.json Center2.0@1.0.0 No repository field.
6 verbose installManyTop reading scoped package data from /Users/Tony_Zhang/Desktop/Center2.0/node_modules/avos-express-cookie-session/package.json
7 verbose installManyTop reading scoped package data from /Users/Tony_Zhang/Desktop/Center2.0/node_modules/body-parser/package.json
8 verbose installManyTop reading scoped package data from /Users/Tony_Zhang/Desktop/Center2.0/node_modules/cookie-parser/package.json
9 verbose installManyTop reading scoped package data from /Users/Tony_Zhang/Desktop/Center2.0/node_modules/ejs/package.json
10 verbose installManyTop reading scoped package data from /Users/Tony_Zhang/Desktop/Center2.0/node_modules/express/package.json
11 verbose installManyTop reading scoped package data from /Users/Tony_Zhang/Desktop/Center2.0/node_modules/express-session/package.json
12 verbose installManyTop reading scoped package data from /Users/Tony_Zhang/Desktop/Center2.0/node_modules/gulp/package.json
13 verbose installManyTop reading scoped package data from /Users/Tony_Zhang/Desktop/Center2.0/node_modules/gulp-concat/package.json
14 verbose installManyTop reading scoped package data from /Users/Tony_Zhang/Desktop/Center2.0/node_modules/gulp-jshint/package.json
15 verbose installManyTop reading scoped package data from /Users/Tony_Zhang/Desktop/Center2.0/node_modules/gulp-rename/package.json
16 verbose installManyTop reading scoped package data from /Users/Tony_Zhang/Desktop/Center2.0/node_modules/gulp-sass/package.json
17 verbose installManyTop reading scoped package data from /Users/Tony_Zhang/Desktop/Center2.0/node_modules/gulp-uglify/package.json
18 verbose installManyTop reading scoped package data from /Users/Tony_Zhang/Desktop/Center2.0/node_modules/leanengine/package.json
19 verbose installManyTop reading scoped package data from /Users/Tony_Zhang/Desktop/Center2.0/node_modules/passport/package.json
20 verbose installManyTop reading scoped package data from /Users/Tony_Zhang/Desktop/Center2.0/node_modules/passport-local/package.json
21 info package.json avos-express-cookie-session@0.1.3 license should be a valid SPDX license expression
22 info package.json passport-local@0.1.6 No README data
23 info package.json passport-local@0.1.6 No license field.
24 info package.json passport@0.1.18 No license field.
25 info package.json gulp-rename@1.2.2 No license field.
26 verbose readDependencies loading dependencies from /Users/Tony_Zhang/Desktop/Center2.0/package.json
27 silly cache add args [ 'child_process', null ]
28 verbose cache add spec child_process
29 silly cache add parsed spec { raw: 'child_process',
29 silly cache add   scope: null,
29 silly cache add   name: 'child_process',
29 silly cache add   rawSpec: '',
29 silly cache add   spec: '*',
29 silly cache add   type: 'range' }
30 silly addNamed child_process@*
31 verbose addNamed "*" is a valid semver range for child_process
32 silly addNameRange { name: 'child_process', range: '*', hasData: false }
33 silly mapToRegistry name child_process
34 silly mapToRegistry using default registry
35 silly mapToRegistry registry https://registry.npmjs.org/
36 silly mapToRegistry uri https://registry.npmjs.org/child_process
37 verbose addNameRange registry:https://registry.npmjs.org/child_process not in flight; fetching
38 verbose request uri https://registry.npmjs.org/child_process
39 verbose request no auth needed
40 info attempt registry request try #1 at 10:11:25 AM
41 verbose request id d6ca04b730c4c335
42 http request GET https://registry.npmjs.org/child_process
43 http 404 https://registry.npmjs.org/child_process
44 verbose headers { 'content-type': 'application/json',
44 verbose headers   'cache-control': 'max-age=0',
44 verbose headers   'content-length': '2',
44 verbose headers   'accept-ranges': 'bytes',
44 verbose headers   date: 'Thu, 20 Aug 2015 02:11:25 GMT',
44 verbose headers   via: '1.1 varnish',
44 verbose headers   age: '0',
44 verbose headers   connection: 'keep-alive',
44 verbose headers   'x-served-by': 'cache-lax1435-LAX',
44 verbose headers   'x-cache': 'MISS',
44 verbose headers   'x-cache-hits': '0',
44 verbose headers   'x-timer': 'S1440036685.467109,VS0,VE48' }
45 silly get cb [ 404,
45 silly get   { 'content-type': 'application/json',
45 silly get     'cache-control': 'max-age=0',
45 silly get     'content-length': '2',
45 silly get     'accept-ranges': 'bytes',
45 silly get     date: 'Thu, 20 Aug 2015 02:11:25 GMT',
45 silly get     via: '1.1 varnish',
45 silly get     age: '0',
45 silly get     connection: 'keep-alive',
45 silly get     'x-served-by': 'cache-lax1435-LAX',
45 silly get     'x-cache': 'MISS',
45 silly get     'x-cache-hits': '0',
45 silly get     'x-timer': 'S1440036685.467109,VS0,VE48' } ]
46 verbose stack Error: Registry returned 404 for GET on https://registry.npmjs.org/child_process
46 verbose stack     at CachingRegistryClient.<anonymous> (/usr/local/lib/node_modules/npm/node_modules/npm-registry-client/lib/request.js:239:14)
46 verbose stack     at Request._callback (/usr/local/lib/node_modules/npm/node_modules/npm-registry-client/lib/request.js:170:14)
46 verbose stack     at Request.self.callback (/usr/local/lib/node_modules/npm/node_modules/request/request.js:354:22)
46 verbose stack     at Request.emit (events.js:110:17)
46 verbose stack     at Request.<anonymous> (/usr/local/lib/node_modules/npm/node_modules/request/request.js:1207:14)
46 verbose stack     at Request.emit (events.js:129:20)
46 verbose stack     at IncomingMessage.<anonymous> (/usr/local/lib/node_modules/npm/node_modules/request/request.js:1153:12)
46 verbose stack     at IncomingMessage.emit (events.js:129:20)
46 verbose stack     at _stream_readable.js:908:16
46 verbose stack     at process._tickCallback (node.js:355:11)
47 verbose statusCode 404
48 verbose pkgid child_process
49 verbose cwd /Users/Tony_Zhang/Desktop/Center2.0
50 error Darwin 14.4.0
51 error argv "node" "/usr/local/bin/npm" "install" "child_process" "--save-dev"
52 error node v0.12.7
53 error npm  v2.11.3
54 error code E404
55 error 404 Registry returned 404 for GET on https://registry.npmjs.org/child_process
55 error 404
55 error 404 'child_process' is not in the npm registry.
55 error 404 Your package name is not valid, because
55 error 404
55 error 404  1. child_process is a core module name
55 error 404 It was specified as a dependency of 'Center2.0'
55 error 404
55 error 404 Note that you can also install from a
55 error 404 tarball, folder, http url, or git url.
56 verbose exit [ 1, true ]
